[10:09:33] [Render thread/INFO] [JMLogger] JourneyMap log initialized.
[10:09:33] [Render thread/INFO] [JourneymapClient] initialize ENTER
[10:09:33] [Render thread/INFO] [ClientAPI] [ClientAPI] built with JourneyMap API 1.9-SNAPSHOT
[10:09:33] [Render thread/INFO] [PluginHelper] Initializing plugins with Client API: journeymap.client.api.impl.ClientAPI
[10:09:33] [Render thread/INFO] [PluginHelper] Initialized IClientPlugin: net.blay09.mods.waystones.compat.JourneyMapIntegration
[10:09:33] [Render thread/DEBUG] [JourneymapClient] Loading and Generating Journeymap configs
[10:09:37] [Render thread/INFO] [?] Version: JourneyMap 1.20.1-5.9.23, built with forge 1.20.1-47.2.30
forge: 47.2.0
Environment: os.name, os.arch, java.version, user.country, user.language=null, game language=zh_cn, locale=zh_cn
Features: 
	RadarPlayers : singleplayer = true , multiplayer = true
	RadarAnimals : singleplayer = true , multiplayer = true
	RadarMobs : singleplayer = true , multiplayer = true
	RadarVillagers : singleplayer = true , multiplayer = true
	MapTopo : singleplayer = true , multiplayer = true
	MapSurface : singleplayer = true , multiplayer = true
	MapCaves : singleplayer = true , multiplayer = true
	MapBiome : singleplayer = true , multiplayer = true
MiniMapProperties{state=Valid, file=journeymap.minimap.config, configVersion=5.9.23, zoomLevel=0, compassFontScale=1.0, terrainAlpha=100, showEntityNames=true, positionX=0.9, positionY=0.25, effectVertical=false, showPlayerHeading=true, sizePercent=30, playerDisplayScale=3.0, showDayNight=true, showPets=true, preferredMapType=day, showCompass=true, mobDisplay=jm.common.entity_display.dots, systemTimeRealFormat=HH:mm:ss, shape=jm.minimap.shape_square, showSelf=true, selfDisplayScale=2.0, showGrid=false, reticleOrientation=jm.minimap.orientation.compass, gameTimeRealFormat=HH:mm:ss, effectTranslateX=-79, showWaypoints=true, minimapKeyMovementSpeed=0.001, showAnimals=true, infoSlotAlpha=0.7, effectTranslateY=0, showWaypointLabels=true, moveEffectIcons=true, position=jm.minimap.position_topleft, fontScale=3.0, showPlayers=true, waypointIconScale=3.0, frameAlpha=100, effectReversed=false, backgroundAlpha=0.8, enabled=true, showVillagers=true, info2Label=jm.theme.labelsource.blank, info3Label=jm.theme.labelsource.location, showMobs=true, waypointLabelScale=1.0, showReticle=true, orientation=jm.minimap.orientation.north, info4Label=jm.theme.labelsource.biome, locationFormat=xyz, playerDisplay=jm.common.entity_display.icons, mobDisplayScale=2.0, showCaves=true, showMobHeading=true, locationFormatVerbose=true, info1Label=jm.theme.labelsource.blank}
MiniMapProperties{state=Valid, file=journeymap.minimap2.config, configVersion=5.9.23, zoomLevel=0, compassFontScale=1.0, terrainAlpha=100, showEntityNames=true, positionX=0.9, positionY=0.25, effectVertical=false, showPlayerHeading=true, sizePercent=30, playerDisplayScale=1.0, showDayNight=true, showPets=true, preferredMapType=day, showCompass=true, mobDisplay=jm.common.entity_display.icons, systemTimeRealFormat=HH:mm:ss, shape=jm.minimap.shape_rectangle, showSelf=true, selfDisplayScale=1.0, showGrid=true, reticleOrientation=jm.minimap.orientation.compass, gameTimeRealFormat=HH:mm:ss, effectTranslateX=-146, showWaypoints=true, minimapKeyMovementSpeed=0.001, showAnimals=true, infoSlotAlpha=0.7, effectTranslateY=0, showWaypointLabels=true, moveEffectIcons=true, position=jm.minimap.position_topright, fontScale=2.0, showPlayers=true, waypointIconScale=1.0, frameAlpha=100, effectReversed=false, backgroundAlpha=0.8, enabled=true, showVillagers=true, info2Label=jm.theme.labelsource.gametime, info3Label=jm.theme.labelsource.location, showMobs=true, waypointLabelScale=1.0, showReticle=true, orientation=jm.minimap.orientation.north, info4Label=jm.theme.labelsource.biome, locationFormat=xzyv, playerDisplay=jm.common.entity_display.dots, mobDisplayScale=1.0, showCaves=true, showMobHeading=true, locationFormatVerbose=true, info1Label=jm.theme.labelsource.blank}
FullMapProperties{state=Valid, file=journeymap.fullmap.config, configVersion=5.9.23, zoomLevel=1, showPlayers=true, waypointIconScale=3.0, showEntityNames=true, showPlayerHeading=true, showVillagers=true, showPlayerLoc=true, showKeys=true, playerDisplayScale=2.0, showMobs=true, showPets=true, waypointLabelScale=3.0, preferredMapType=day, mobDisplay=jm.common.entity_display.dots, showSelf=true, locationFormat=xyz, playerDisplay=jm.common.entity_display.icons, mobDisplayScale=2.0, selfDisplayScale=2.0, showGrid=false, showMouseLoc=true, showWaypoints=true, showCaves=true, showAnimals=true, showMobHeading=true, showWaypointLabels=true, locationFormatVerbose=true, fontScale=3.0}
WaypointProperties{state=Valid, file=journeymap.waypoint.config, configVersion=5.9.23, autoRemoveDeathpointDistance=2, dateFormat=MM-dd-yyyy, autoRemoveDeathpoints=false, fullscreenDoubleClickToCreate=true, managerDimensionFocus=false, minDistance=4, boldLabel=false, textureSmall=true, showDeathpointlabel=true, beaconEnabled=true, createDeathpoints=true, showName=true, disableStrikeThrough=false, maxDistance=0, autoHideLabel=true, autoRemoveTempWaypoints=2, teleportCommand=/tp {name} {x} {y} {z}, showStaticBeam=true, shaderBeacon=false, timeFormat=HH:mm:ss, showDeviationLabel=false, showDistance=true, showRotatingBeam=true, fontScale=2.0, showTexture=true, managerEnabled=true}
WebMapProperties{state=Valid, file=journeymap.webmap.config, configVersion=5.9.23, port=8080, enabled=false}
CoreProperties{state=Valid, file=journeymap.core.config, configVersion=5.9.23, verboseColorPalette=false, maxPlayersData=32, mapSurfaceAboveCaves=true, dataCachingEnabled=true, optionsManagerViewed=5.9.23, announceMod=true, colorPassive=#bbbbbb, mapBlendWater=true, renderDistanceSurfaceMax=0, seedId=false, radarVerticalDistance=16, mapBlendGrass=true, recordCacheStats=false, hideSneakingEntities=true, revealShape=jm.minimap.shape_circle, mapBiome=true, alwaysMapSurface=false, colorVillager=#88e188, mapPlants=false, colorPet=#0077ff, radarLateralDistance=64, mapBathymetry=false, mapCrops=true, maxMobsData=32, mapPlantShadows=false, alwaysMapCaves=false, checkUpdates=true, mapBlendFoliage=true, hideSpectators=false, mappingEnabled=true, colorPlayer=#ffffff, tileHighDisplayQuality=true, cacheVillagersData=2200, logLevel=INFO, maxVillagersData=32, mapWaterBiomeColors=true, maxAnimalsData=32, mapTransparency=true, caveBlackAsClear=false, tileRenderType=1, caveIgnoreGlass=true, mapTopography=true, renderDistanceCaveMax=0, mapAntialiasing=true, colorSelf=#0000ff, cachePlayersData=2000, cacheMobsData=3000, cachePlayerData=1000, splashViewed=5.9.23, colorHostile=#ff0000, cacheAnimalsData=3100, themeName=Purist, mapCaveLighting=true, renderDelay=2, glErrorChecking=false, autoMapPoll=2000}
[10:09:37] [Render thread/DEBUG] [ForgeEventHandlerManager] Handler registered: journeymap.client.event.forge.ForgeKeyEvents
[10:09:37] [Render thread/DEBUG] [ForgeEventHandlerManager] Handler registered: journeymap.client.event.forge.ForgeChatEvents
[10:09:37] [Render thread/DEBUG] [ForgeEventHandlerManager] Handler registered: journeymap.client.event.forge.ForgeHudOverlayEvents
[10:09:37] [Render thread/DEBUG] [ForgeEventHandlerManager] Handler registered: journeymap.client.event.forge.ForgeWorldEvent
[10:09:37] [Render thread/DEBUG] [ForgeEventHandlerManager] Handler registered: journeymap.client.event.forge.ForgeChunkEvents
[10:09:37] [Render thread/DEBUG] [ForgeEventHandlerManager] Handler registered: journeymap.client.event.forge.ForgeClientTickEvent
[10:09:37] [Render thread/DEBUG] [ForgeEventHandlerManager] Handler registered: journeymap.client.event.forge.ForgeRenderLevelLastEvent
[10:09:37] [Render thread/DEBUG] [ForgeEventHandlerManager] Handler registered: journeymap.client.event.forge.ForgeLoggedInEvent
[10:09:37] [Render thread/DEBUG] [ForgeEventHandlerManager] Handler registered: journeymap.client.event.forge.ForgeTextureStitchedEvent
[10:09:37] [Render thread/DEBUG] [ForgeEventHandlerManager] Handler registered: journeymap.client.event.forge.ForgePopupCustomEvents
[10:09:37] [Render thread/DEBUG] [StatTimer] elapsed was slow: 3429.7915
[10:09:37] [Render thread/INFO] [JourneymapClient] initialize EXIT, elapsed count 1 avg 3429.79ms
[10:09:38] [Render thread/INFO] [JourneymapClient] Journeymap PostInit
[10:09:38] [Render thread/DEBUG] [JourneymapClient] postInitialize ENTER
[10:09:38] [Render thread/TRACE] [ThemeLoader] Initializing themes ...
[10:09:39] [Render thread/INFO] [ThemeLoader] Preloaded theme textures: 73
[10:09:39] [Render thread/INFO] [JourneymapClient] postInitialize EXIT, elapsed count 1 avg 220.1ms
[10:12:03] [Server thread/INFO] [ForgeConfig] Loading JourneyMap Forge Configs
[10:12:59] [Render thread/INFO] [ModBlockDelegate] Custom modded block handling enabled for create
[10:12:59] [Render thread/INFO] [WaypointStore] Loaded 0 waypoints from E:\Minecraft\versions\NagasakiSoyo&Muzimi\journeymap\data\sp\新的世界 (35)\waypoints
[10:12:59] [Render thread/INFO] [JourneymapClient] Mapping started in E:\Minecraft\versions\NagasakiSoyo&Muzimi\journeymap\data\sp\新的世界 (35)\overworld. Memory: 2776MB total, 546MB free 
[10:12:59] [Render thread/WARN] [JMLogger] iceandfire:dragon_texture_electric_2truefalsetruefalsefalse doesn't have /entity/ in path, so can't look for /entity_icon/
[10:13:00] [Render thread/INFO] [ChatLog] JourneyMap (旅行地图) : 按下 [J]
[10:13:32] [Render thread/WARN] [JMLogger] Can't get entityTexture for mna:textures/entity_icon/witchhunter_t1.png
[10:13:32] [Render thread/WARN] [JMLogger] Can't get entityTexture for mna:textures/entity_icon/barkling_t2.png
[10:13:32] [Render thread/WARN] [JMLogger] Can't get entityTexture for mna:textures/entity_icon/pixie_water.png
[10:13:42] [Render thread/WARN] [JMLogger] Can't get entityTexture for mna:textures/entity_icon/spellbreaker_t1.png
[10:13:58] [Render thread/WARN] [JMLogger] Can't get entityTexture for mna:textures/entity_icon/pixie_wind.png
